Using pre-set license
Built from '2022.3/staging' branch; Version is '2022.3.16f1 (d2c21f0ef2f1) revision 13812255'; Using compiler version '192829333'; Build Type 'Release'
OS: 'Windows 10  (10.0.19045) 64bit Professional' Language: 'ru' Physical Memory: 8174 MB
BatchMode: 1, IsHumanControllingUs: 0, StartBugReporterOnCrash: 0, Is64bit: 1, IsPro: 1

COMMAND LINE ARGUMENTS:
E:\Unity\Unity Engine\2022.3.16f1\Editor\Unity.exe
-adb2
-batchMode
-noUpm
-name
AssetImportWorker0
-projectPath
E:/Unity/Unity Projects/Pik the Frog/Pik the Frog
-logFile
Logs/AssetImportWorker0.log
-srvPort
60851
Successfully changed project path to: E:/Unity/Unity Projects/Pik the Frog/Pik the Frog
E:/Unity/Unity Projects/Pik the Frog/Pik the Frog
[UnityMemory] Configuration Parameters - Can be set up in boot.config
    "memorysetup-bucket-allocator-granularity=16"
    "memorysetup-bucket-allocator-bucket-count=8"
    "memorysetup-bucket-allocator-block-size=33554432"
    "memorysetup-bucket-allocator-block-count=8"
    "memorysetup-main-allocator-block-size=16777216"
    "memorysetup-thread-allocator-block-size=16777216"
    "memorysetup-gfx-main-allocator-block-size=16777216"
    "memorysetup-gfx-thread-allocator-block-size=16777216"
    "memorysetup-cache-allocator-block-size=4194304"
    "memorysetup-typetree-allocator-block-size=2097152"
    "memorysetup-profiler-bucket-allocator-granularity=16"
    "memorysetup-profiler-bucket-allocator-bucket-count=8"
    "memorysetup-profiler-bucket-allocator-block-size=33554432"
    "memorysetup-profiler-bucket-allocator-block-count=8"
    "memorysetup-profiler-allocator-block-size=16777216"
    "memorysetup-profiler-editor-allocator-block-size=1048576"
    "memorysetup-temp-allocator-size-main=16777216"
    "memorysetup-job-temp-allocator-block-size=2097152"
    "memorysetup-job-temp-allocator-block-size-background=1048576"
    "memorysetup-job-temp-allocator-reduction-small-platforms=262144"
    "memorysetup-allocator-temp-initial-block-size-main=262144"
    "memorysetup-allocator-temp-initial-block-size-worker=262144"
    "memorysetup-temp-allocator-size-background-worker=32768"
    "memorysetup-temp-allocator-size-job-worker=262144"
    "memorysetup-temp-allocator-size-preload-manager=33554432"
    "memorysetup-temp-allocator-size-nav-mesh-worker=65536"
    "memorysetup-temp-allocator-size-audio-worker=65536"
    "memorysetup-temp-allocator-size-cloud-worker=32768"
    "memorysetup-temp-allocator-size-gi-baking-worker=262144"
    "memorysetup-temp-allocator-size-gfx=262144"
Player connection [9068] Host "[IP] 192.168.0.101 [Port] 0 [Flags] 2 [Guid] 1775072082 [EditorId] 1775072082 [Version] 1048832 [Id] WindowsEditor(7,DESKTOP-735JRSO) [Debug] 1 [PackageName] WindowsEditor [ProjectName] Editor" joined multi-casting on [225.0.0.222:54997]...

Player connection [9068] Host "[IP] 192.168.0.101 [Port] 0 [Flags] 2 [Guid] 1775072082 [EditorId] 1775072082 [Version] 1048832 [Id] WindowsEditor(7,DESKTOP-735JRSO) [Debug] 1 [PackageName] WindowsEditor [ProjectName] Editor" joined alternative multi-casting on [225.0.0.222:34997]...

[Physics::Module] Initialized MultithreadedJobDispatcher with 5 workers.
Refreshing native plugins compatible for Editor in 0.00 ms, found 0 plugins.
Preloading 0 native plugins for Editor in 0.00 ms.
Initialize engine version: 2022.3.16f1 (d2c21f0ef2f1)
[Subsystems] Discovering subsystems at path E:/Unity/Unity Engine/2022.3.16f1/Editor/Data/Resources/UnitySubsystems
[Subsystems] Discovering subsystems at path E:/Unity/Unity Projects/Pik the Frog/Pik the Frog/Assets
GfxDevice: creating device client; threaded=0; jobified=0
Direct3D:
    Version:  Direct3D 11.0 [level 11.1]
    Renderer: NVIDIA GeForce GTX 1050 (ID=0x1c81)
    Vendor:   NVIDIA
    VRAM:     1976 MB
    Driver:   31.0.15.3623
Initialize mono
Mono path[0] = 'E:/Unity/Unity Engine/2022.3.16f1/Editor/Data/Managed'
Mono path[1] = 'E:/Unity/Unity Engine/2022.3.16f1/Editor/Data/MonoBleedingEdge/lib/mono/unityjit-win32'
Mono config path = 'E:/Unity/Unity Engine/2022.3.16f1/Editor/Data/MonoBleedingEdge/etc'
Using monoOptions --debugger-agent=transport=dt_socket,embedding=1,server=y,suspend=n,address=127.0.0.1:56400
Begin MonoManager ReloadAssembly
Registering precompiled unity dll's ...
Register platform support module: E:/Unity/Unity Engine/2022.3.16f1/Editor/Data/PlaybackEngines/AndroidPlayer/UnityEditor.Android.Extensions.dll
Register platform support module: E:/Unity/Unity Engine/2022.3.16f1/Editor/Data/PlaybackEngines/WindowsStandaloneSupport/UnityEditor.WindowsStandalone.Extensions.dll
Register platform support module: E:/Unity/Unity Engine/2022.3.16f1/Editor/Data/PlaybackEngines/MetroSupport/UnityEditor.UWP.Extensions.dll
Registered in 0.016528 seconds.
- Loaded All Assemblies, in  0.806 seconds
Native extension for UWP target not found
Native extension for WindowsStandalone target not found
Native extension for Android target not found
Android Extension - Scanning For ADB Devices 435 ms
Mono: successfully reloaded assembly
- Finished resetting the current domain, in  1.110 seconds
Domain Reload Profiling: 1916ms
	BeginReloadAssembly (228ms)
		ExecutionOrderSort (0ms)
		DisableScriptedObjects (0ms)
		BackupInstance (0ms)
		ReleaseScriptingObjects (0ms)
		CreateAndSetChildDomain (2ms)
	RebuildCommonClasses (90ms)
	RebuildNativeTypeToScriptingClass (28ms)
	initialDomainReloadingComplete (118ms)
	LoadAllAssembliesAndSetupDomain (341ms)
		LoadAssemblies (228ms)
		RebuildTransferFunctionScriptingTraits (0ms)
		AnalyzeDomain (336ms)
			TypeCache.Refresh (333ms)
				TypeCache.ScanAssembly (303ms)
			ScanForSourceGeneratedMonoScriptInfo (1ms)
			ResolveRequiredComponents (1ms)
	FinalizeReload (1111ms)
		ReleaseScriptCaches (0ms)
		RebuildScriptCaches (0ms)
		SetupLoadedEditorAssemblies (989ms)
			LogAssemblyErrors (0ms)
			InitializePlatformSupportModulesInManaged (668ms)
			SetLoadedEditorAssemblies (7ms)
			RefreshPlugins (0ms)
			BeforeProcessingInitializeOnLoad (4ms)
			ProcessInitializeOnLoadAttributes (211ms)
			ProcessInitializeOnLoadMethodAttributes (99ms)
			AfterProcessingInitializeOnLoad (0ms)
			EditorAssembliesLoaded (0ms)
		ExecutionOrderSort2 (0ms)
		AwakeInstancesAfterBackupRestoration (0ms)
========================================================================
Worker process is ready to serve import requests
Begin MonoManager ReloadAssembly
- Loaded All Assemblies, in  0.464 seconds
Refreshing native plugins compatible for Editor in 0.00 ms, found 0 plugins.
Native extension for UWP target not found
Native extension for WindowsStandalone target not found
Native extension for Android target not found
Mono: successfully reloaded assembly
- Finished resetting the current domain, in  0.690 seconds
Domain Reload Profiling: 1153ms
	BeginReloadAssembly (282ms)
		ExecutionOrderSort (0ms)
		DisableScriptedObjects (10ms)
		BackupInstance (0ms)
		ReleaseScriptingObjects (0ms)
		CreateAndSetChildDomain (38ms)
	RebuildCommonClasses (77ms)
	RebuildNativeTypeToScriptingClass (25ms)
	initialDomainReloadingComplete (39ms)
	LoadAllAssembliesAndSetupDomain (39ms)
		LoadAssemblies (178ms)
		RebuildTransferFunctionScriptingTraits (0ms)
		AnalyzeDomain (32ms)
			TypeCache.Refresh (29ms)
				TypeCache.ScanAssembly (16ms)
			ScanForSourceGeneratedMonoScriptInfo (1ms)
			ResolveRequiredComponents (1ms)
	FinalizeReload (690ms)
		ReleaseScriptCaches (0ms)
		RebuildScriptCaches (0ms)
		SetupLoadedEditorAssemblies (406ms)
			LogAssemblyErrors (0ms)
			InitializePlatformSupportModulesInManaged (44ms)
			SetLoadedEditorAssemblies (8ms)
			RefreshPlugins (0ms)
			BeforeProcessingInitializeOnLoad (44ms)
			ProcessInitializeOnLoadAttributes (265ms)
			ProcessInitializeOnLoadMethodAttributes (37ms)
			AfterProcessingInitializeOnLoad (7ms)
			EditorAssembliesLoaded (0ms)
		ExecutionOrderSort2 (0ms)
		AwakeInstancesAfterBackupRestoration (12ms)
Launched and connected shader compiler UnityShaderCompiler.exe after 0.07 seconds
Refreshing native plugins compatible for Editor in 0.00 ms, found 0 plugins.
Preloading 0 native plugins for Editor in 0.00 ms.
Unloading 8 Unused Serialized files (Serialized files now loaded: 0)
Unloading 3 unused Assets / (44.6 KB). Loaded Objects now: 482.
Memory consumption went from 57.7 MB to 57.6 MB.
Total: 4.226700 ms (FindLiveObjects: 0.127700 ms CreateObjectMapping: 0.013500 ms MarkObjects: 3.970600 ms  DeleteObjects: 0.113300 ms)

AssetImportParameters requested are different than current active one (requested -> active):
  custom:video-decoder-ogg-theora: a1e56fd34408186e4bbccfd4996cb3dc -> 
  custom:container-muxer-webm: aa71ff27fc2769a1b78a27578f13a17b -> 
  custom:container-demuxer-webm: 4f35f7cbe854078d1ac9338744f61a02 -> 
  custom:video-encoder-webm-vp8: eb34c28f22e8b96e1ab97ce403110664 -> 
  custom:CustomObjectIndexerAttribute: 43b350a4d6e6d1791af0b5038c4bea17 -> 
  custom:audio-encoder-webm-vorbis: bf7c407c2cedff20999df2af8eb42d56 -> 
  custom:framework-win-MediaFoundation: 216162199b28c13a410421893ffa2e32 -> 
  custom:SearchIndexIgnoredProperties: e643bd26f0fe6173181afceb89e7c659 -> 
  custom:container-demuxer-ogg: 62fdf1f143b41e24485cea50d1cbac27 -> 
  custom:video-decoder-webm-vp8: 9c59270c3fd7afecdb556c50c9e8de78 -> 
  custom:audio-decoder-ogg-vorbis: bf7c407c2cedff20999df2af8eb42d56 -> 
  custom:AudioImporter_EditorPlatform: d09bf68614088b80899f8185d706f6e7 -> 
========================================================================
Received Import Request.
  Time since last request: 27891.522105 seconds.
  path: Assets/Prefabs/Mosquito.prefab
  artifactKey: Guid(adcbf3d3582f92c4bbeb93bb63601725) Importer(815301076,1909f56bfc062723c751e8b465ee728b)
Start importing Assets/Prefabs/Mosquito.prefab using Guid(adcbf3d3582f92c4bbeb93bb63601725) Importer(815301076,1909f56bfc062723c751e8b465ee728b)  -> (artifact id: '98d402f08310446567017f884afc911e') in 0.055269 seconds
Number of updated asset objects reloaded before import = 0
Number of asset objects unloaded after import = 7
========================================================================
Received Import Request.
  Time since last request: 0.000017 seconds.
  path: Assets/Prefabs/Mushroom.prefab
  artifactKey: Guid(8811713a70e428846a360081a22f1b57) Importer(815301076,1909f56bfc062723c751e8b465ee728b)
Start importing Assets/Prefabs/Mushroom.prefab using Guid(8811713a70e428846a360081a22f1b57) Importer(815301076,1909f56bfc062723c751e8b465ee728b)  -> (artifact id: '2b09aa2015f2a08a0345cafa9a83d47b') in 0.002607 seconds
Number of updated asset objects reloaded before import = 0
Number of asset objects unloaded after import = 8
========================================================================
Received Import Request.
  Time since last request: 0.000014 seconds.
  path: Assets/Prefabs
  artifactKey: Guid(c2de808dc8f8e21448e9ac235288f7a7) Importer(815301076,1909f56bfc062723c751e8b465ee728b)
Start importing Assets/Prefabs using Guid(c2de808dc8f8e21448e9ac235288f7a7) Importer(815301076,1909f56bfc062723c751e8b465ee728b)  -> (artifact id: 'b5d5de890bddf9126fc64ad801112905') in 0.000474 seconds
Number of updated asset objects reloaded before import = 0
Number of asset objects unloaded after import = 0
========================================================================
Received Import Request.
  Time since last request: 14.814277 seconds.
  path: Assets/Palettes
  artifactKey: Guid(b706d269730f82b4898e3e8c59d58b9b) Importer(815301076,1909f56bfc062723c751e8b465ee728b)
Start importing Assets/Palettes using Guid(b706d269730f82b4898e3e8c59d58b9b) Importer(815301076,1909f56bfc062723c751e8b465ee728b)  -> (artifact id: 'c819df3a2517d817a6b99a6411670473') in 0.000612 seconds
Number of updated asset objects reloaded before import = 0
Number of asset objects unloaded after import = 0
========================================================================
Received Import Request.
  Time since last request: 0.042847 seconds.
  path: Assets/Palettes/New Palette.prefab
  artifactKey: Guid(b66daa21714d0ba44b92126401de5846) Importer(815301076,1909f56bfc062723c751e8b465ee728b)
Start importing Assets/Palettes/New Palette.prefab using Guid(b66daa21714d0ba44b92126401de5846) Importer(815301076,1909f56bfc062723c751e8b465ee728b)  -> (artifact id: '01d4ec064be7d886e56829237b1db3ff') in 0.115359 seconds
Number of updated asset objects reloaded before import = 0
Number of asset objects unloaded after import = 13
========================================================================
Received Import Request.
  Time since last request: 0.000032 seconds.
  path: Assets/Palettes/Square.asset
  artifactKey: Guid(922efb2cdf2fde8498af86066d04be71) Importer(815301076,1909f56bfc062723c751e8b465ee728b)
Start importing Assets/Palettes/Square.asset using Guid(922efb2cdf2fde8498af86066d04be71) Importer(815301076,1909f56bfc062723c751e8b465ee728b)  -> (artifact id: 'bf72053f00e29d1436deac53faac98d0') in 0.029103 seconds
Number of updated asset objects reloaded before import = 0
Number of asset objects unloaded after import = 3
========================================================================
Received Import Request.
  Time since last request: 3.231011 seconds.
  path: Assets/Scripts
  artifactKey: Guid(dcc0cd719a35b3d4b9d61443dba0849a) Importer(815301076,1909f56bfc062723c751e8b465ee728b)
Start importing Assets/Scripts using Guid(dcc0cd719a35b3d4b9d61443dba0849a) Importer(815301076,1909f56bfc062723c751e8b465ee728b)  -> (artifact id: '3c002dc7464034751621ee02941b1b70') in 0.000687 seconds
Number of updated asset objects reloaded before import = 0
Number of asset objects unloaded after import = 0
========================================================================
Received Import Request.
  Time since last request: 0.897253 seconds.
  path: Assets/Scripts/EnemyMovement.cs
  artifactKey: Guid(8587223c2a12ed04284869f7f739664f) Importer(815301076,1909f56bfc062723c751e8b465ee728b)
Start importing Assets/Scripts/EnemyMovement.cs using Guid(8587223c2a12ed04284869f7f739664f) Importer(815301076,1909f56bfc062723c751e8b465ee728b)  -> (artifact id: '700f8d682b5e56550935eab9de3956ef') in 0.000713 seconds
Number of updated asset objects reloaded before import = 0
Number of asset objects unloaded after import = 0
========================================================================
Received Import Request.
  Time since last request: 35.575901 seconds.
  path: Assets/Sprites
  artifactKey: Guid(0cd57635bff209c478925ee6dca7ff50) Importer(815301076,1909f56bfc062723c751e8b465ee728b)
Start importing Assets/Sprites using Guid(0cd57635bff209c478925ee6dca7ff50) Importer(815301076,1909f56bfc062723c751e8b465ee728b)  -> (artifact id: '0749b2670ca110c2cfa9bc585e458fb4') in 0.000625 seconds
Number of updated asset objects reloaded before import = 0
Number of asset objects unloaded after import = 0
========================================================================
Received Import Request.
  Time since last request: 0.064255 seconds.
  path: Assets/Sprites/Square.png
  artifactKey: Guid(63ebb6de1b137ee4f80a51067b40fa2f) Importer(815301076,1909f56bfc062723c751e8b465ee728b)
Start importing Assets/Sprites/Square.png using Guid(63ebb6de1b137ee4f80a51067b40fa2f) Importer(815301076,1909f56bfc062723c751e8b465ee728b)  -> (artifact id: '7242ad8e2647d6da6dcddf648231eba4') in 0.060295 seconds
Number of updated asset objects reloaded before import = 0
Number of asset objects unloaded after import = 3
========================================================================
Received Import Request.
  Time since last request: 62.550490 seconds.
  path: Assets/Prefabs/Mushroom.prefab
  artifactKey: Guid(8811713a70e428846a360081a22f1b57) Importer(815301076,1909f56bfc062723c751e8b465ee728b)
Start importing Assets/Prefabs/Mushroom.prefab using Guid(8811713a70e428846a360081a22f1b57) Importer(815301076,1909f56bfc062723c751e8b465ee728b)  -> (artifact id: '4448676bf2a4151e21a204bc7fa882d1') in 0.019047 seconds
Number of updated asset objects reloaded before import = 0
Number of asset objects unloaded after import = 10
========================================================================
Received Import Request.
  Time since last request: 10.113366 seconds.
  path: Assets/Prefabs/Mosquito.prefab
  artifactKey: Guid(adcbf3d3582f92c4bbeb93bb63601725) Importer(815301076,1909f56bfc062723c751e8b465ee728b)
Start importing Assets/Prefabs/Mosquito.prefab using Guid(adcbf3d3582f92c4bbeb93bb63601725) Importer(815301076,1909f56bfc062723c751e8b465ee728b)  -> (artifact id: 'd47e16875fb396d2904fe32263baf9c2') in 0.018396 seconds
Number of updated asset objects reloaded before import = 0
Number of asset objects unloaded after import = 9
========================================================================
Received Import Request.
  Time since last request: 54.526166 seconds.
  path: Assets/Sprites/Square.png
  artifactKey: Guid(63ebb6de1b137ee4f80a51067b40fa2f) Importer(815301076,1909f56bfc062723c751e8b465ee728b)
Start importing Assets/Sprites/Square.png using Guid(63ebb6de1b137ee4f80a51067b40fa2f) Importer(815301076,1909f56bfc062723c751e8b465ee728b)  -> (artifact id: 'bd643c02c04868d338d7013d2c30849b') in 0.020048 seconds
Number of updated asset objects reloaded before import = 0
Number of asset objects unloaded after import = 3
========================================================================
Received Import Request.
  Time since last request: 9.042212 seconds.
  path: Assets/Sprites/Square.png
  artifactKey: Guid(63ebb6de1b137ee4f80a51067b40fa2f) Importer(815301076,1909f56bfc062723c751e8b465ee728b)
Start importing Assets/Sprites/Square.png using Guid(63ebb6de1b137ee4f80a51067b40fa2f) Importer(815301076,1909f56bfc062723c751e8b465ee728b)  -> (artifact id: '9d00bf56c61b4f018d2f9adec05e145e') in 0.018613 seconds
Number of updated asset objects reloaded before import = 0
Number of asset objects unloaded after import = 3
========================================================================
Received Import Request.
  Time since last request: 9.686735 seconds.
  path: Assets/Sprites/Square.png
  artifactKey: Guid(63ebb6de1b137ee4f80a51067b40fa2f) Importer(815301076,1909f56bfc062723c751e8b465ee728b)
Start importing Assets/Sprites/Square.png using Guid(63ebb6de1b137ee4f80a51067b40fa2f) Importer(815301076,1909f56bfc062723c751e8b465ee728b)  -> (artifact id: 'c84802c5bb7e16e15df0c7a26d509ace') in 0.018776 seconds
Number of updated asset objects reloaded before import = 0
Number of asset objects unloaded after import = 3
========================================================================
Received Import Request.
  Time since last request: 61.278384 seconds.
  path: Assets/Sprites/Square.png
  artifactKey: Guid(63ebb6de1b137ee4f80a51067b40fa2f) Importer(815301076,1909f56bfc062723c751e8b465ee728b)
Start importing Assets/Sprites/Square.png using Guid(63ebb6de1b137ee4f80a51067b40fa2f) Importer(815301076,1909f56bfc062723c751e8b465ee728b)  -> (artifact id: '23f376807b507f03c5c3bdc9e0b924e7') in 0.018733 seconds
Number of updated asset objects reloaded before import = 0
Number of asset objects unloaded after import = 3
========================================================================
Received Import Request.
  Time since last request: 3748.461371 seconds.
  path: Assets/Prefabs/Mosquito.prefab
  artifactKey: Guid(adcbf3d3582f92c4bbeb93bb63601725) Importer(815301076,1909f56bfc062723c751e8b465ee728b)
Start importing Assets/Prefabs/Mosquito.prefab using Guid(adcbf3d3582f92c4bbeb93bb63601725) Importer(815301076,1909f56bfc062723c751e8b465ee728b)  -> (artifact id: '96a1562d941677a97753d1bf3a926b1c') in 0.029120 seconds
Number of updated asset objects reloaded before import = 0
Number of asset objects unloaded after import = 9
========================================================================
Received Import Request.
  Time since last request: 0.000031 seconds.
  path: Assets/Prefabs/Mushroom.prefab
  artifactKey: Guid(8811713a70e428846a360081a22f1b57) Importer(815301076,1909f56bfc062723c751e8b465ee728b)
Start importing Assets/Prefabs/Mushroom.prefab using Guid(8811713a70e428846a360081a22f1b57) Importer(815301076,1909f56bfc062723c751e8b465ee728b)  -> (artifact id: 'e29063226a32d188b9a2c313cb06a6f6') in 0.010431 seconds
Number of updated asset objects reloaded before import = 0
Number of asset objects unloaded after import = 10
========================================================================
Received Import Request.
  Time since last request: 9.359413 seconds.
  path: Assets/Prefabs/Mosquito.prefab
  artifactKey: Guid(adcbf3d3582f92c4bbeb93bb63601725) Importer(815301076,1909f56bfc062723c751e8b465ee728b)
Start importing Assets/Prefabs/Mosquito.prefab using Guid(adcbf3d3582f92c4bbeb93bb63601725) Importer(815301076,1909f56bfc062723c751e8b465ee728b)  -> (artifact id: 'ae6566ac8bd49699c9a3c2dd43c71b7a') in 0.012695 seconds
Number of updated asset objects reloaded before import = 0
Number of asset objects unloaded after import = 9
========================================================================
Received Import Request.
  Time since last request: 2.365228 seconds.
  path: Assets/Prefabs/Mosquito.prefab
  artifactKey: Guid(adcbf3d3582f92c4bbeb93bb63601725) Importer(815301076,1909f56bfc062723c751e8b465ee728b)
Start importing Assets/Prefabs/Mosquito.prefab using Guid(adcbf3d3582f92c4bbeb93bb63601725) Importer(815301076,1909f56bfc062723c751e8b465ee728b)  -> (artifact id: '0749b827c3a01c2b42b852d8ea91a8a1') in 0.013461 seconds
Number of updated asset objects reloaded before import = 0
Number of asset objects unloaded after import = 9
========================================================================
Received Import Request.
  Time since last request: 14.630677 seconds.
  path: Assets/Prefabs/Mosquito.prefab
  artifactKey: Guid(adcbf3d3582f92c4bbeb93bb63601725) Importer(815301076,1909f56bfc062723c751e8b465ee728b)
Start importing Assets/Prefabs/Mosquito.prefab using Guid(adcbf3d3582f92c4bbeb93bb63601725) Importer(815301076,1909f56bfc062723c751e8b465ee728b)  -> (artifact id: '3da02e9f0b6c45c412efff986faa95e6') in 0.019122 seconds
Number of updated asset objects reloaded before import = 0
Number of asset objects unloaded after import = 9
========================================================================
Received Import Request.
  Time since last request: 6.159693 seconds.
  path: Assets/Prefabs/Mosquito.prefab
  artifactKey: Guid(adcbf3d3582f92c4bbeb93bb63601725) Importer(815301076,1909f56bfc062723c751e8b465ee728b)
Start importing Assets/Prefabs/Mosquito.prefab using Guid(adcbf3d3582f92c4bbeb93bb63601725) Importer(815301076,1909f56bfc062723c751e8b465ee728b)  -> (artifact id: '76f5ba714819a5ed449752e86dffa178') in 0.019220 seconds
Number of updated asset objects reloaded before import = 0
Number of asset objects unloaded after import = 9
========================================================================
Received Import Request.
  Time since last request: 1.922663 seconds.
  path: Assets/Prefabs/Mosquito.prefab
  artifactKey: Guid(adcbf3d3582f92c4bbeb93bb63601725) Importer(815301076,1909f56bfc062723c751e8b465ee728b)
Start importing Assets/Prefabs/Mosquito.prefab using Guid(adcbf3d3582f92c4bbeb93bb63601725) Importer(815301076,1909f56bfc062723c751e8b465ee728b)  -> (artifact id: 'b5ff20f78b78b64dad812538fcb2bd67') in 0.016961 seconds
Number of updated asset objects reloaded before import = 0
Number of asset objects unloaded after import = 9
========================================================================
Received Import Request.
  Time since last request: 7.035961 seconds.
  path: Assets/Prefabs/Mosquito.prefab
  artifactKey: Guid(adcbf3d3582f92c4bbeb93bb63601725) Importer(815301076,1909f56bfc062723c751e8b465ee728b)
Start importing Assets/Prefabs/Mosquito.prefab using Guid(adcbf3d3582f92c4bbeb93bb63601725) Importer(815301076,1909f56bfc062723c751e8b465ee728b)  -> (artifact id: '0409473610154e44055e93562bafb552') in 0.020363 seconds
Number of updated asset objects reloaded before import = 0
Number of asset objects unloaded after import = 9
========================================================================
Received Import Request.
  Time since last request: 2.094322 seconds.
  path: Assets/Prefabs/Mosquito.prefab
  artifactKey: Guid(adcbf3d3582f92c4bbeb93bb63601725) Importer(815301076,1909f56bfc062723c751e8b465ee728b)
Start importing Assets/Prefabs/Mosquito.prefab using Guid(adcbf3d3582f92c4bbeb93bb63601725) Importer(815301076,1909f56bfc062723c751e8b465ee728b)  -> (artifact id: '000d0103e430f2f6e556bcb066b200a1') in 0.021231 seconds
Number of updated asset objects reloaded before import = 0
Number of asset objects unloaded after import = 9
========================================================================
Received Import Request.
  Time since last request: 7.326378 seconds.
  path: Assets/Prefabs/Mosquito.prefab
  artifactKey: Guid(adcbf3d3582f92c4bbeb93bb63601725) Importer(815301076,1909f56bfc062723c751e8b465ee728b)
Start importing Assets/Prefabs/Mosquito.prefab using Guid(adcbf3d3582f92c4bbeb93bb63601725) Importer(815301076,1909f56bfc062723c751e8b465ee728b)  -> (artifact id: 'c67cf3aa075caa9c91044e07f7530486') in 0.018668 seconds
Number of updated asset objects reloaded before import = 0
Number of asset objects unloaded after import = 9
========================================================================
Received Import Request.
  Time since last request: 5.749396 seconds.
  path: Assets/Prefabs/Mosquito.prefab
  artifactKey: Guid(adcbf3d3582f92c4bbeb93bb63601725) Importer(815301076,1909f56bfc062723c751e8b465ee728b)
Start importing Assets/Prefabs/Mosquito.prefab using Guid(adcbf3d3582f92c4bbeb93bb63601725) Importer(815301076,1909f56bfc062723c751e8b465ee728b)  -> (artifact id: '8a0f0c32854ec3d11afdb9ffc1335641') in 0.020174 seconds
Number of updated asset objects reloaded before import = 0
Number of asset objects unloaded after import = 9
========================================================================
Received Import Request.
  Time since last request: 4.890150 seconds.
  path: Assets/Prefabs/Mosquito.prefab
  artifactKey: Guid(adcbf3d3582f92c4bbeb93bb63601725) Importer(815301076,1909f56bfc062723c751e8b465ee728b)
Start importing Assets/Prefabs/Mosquito.prefab using Guid(adcbf3d3582f92c4bbeb93bb63601725) Importer(815301076,1909f56bfc062723c751e8b465ee728b)  -> (artifact id: '41d19e96acd7cd7d88e2cc3497d6dd07') in 0.017853 seconds
Number of updated asset objects reloaded before import = 0
Number of asset objects unloaded after import = 9
========================================================================
Received Import Request.
  Time since last request: 6.837725 seconds.
  path: Assets/Prefabs/Mosquito.prefab
  artifactKey: Guid(adcbf3d3582f92c4bbeb93bb63601725) Importer(815301076,1909f56bfc062723c751e8b465ee728b)
Start importing Assets/Prefabs/Mosquito.prefab using Guid(adcbf3d3582f92c4bbeb93bb63601725) Importer(815301076,1909f56bfc062723c751e8b465ee728b)  -> (artifact id: '06d9cb8ed83b204ea45b9b8bade9df08') in 0.018724 seconds
Number of updated asset objects reloaded before import = 0
Number of asset objects unloaded after import = 9
========================================================================
Received Import Request.
  Time since last request: 1.881721 seconds.
  path: Assets/Prefabs/Mosquito.prefab
  artifactKey: Guid(adcbf3d3582f92c4bbeb93bb63601725) Importer(815301076,1909f56bfc062723c751e8b465ee728b)
Start importing Assets/Prefabs/Mosquito.prefab using Guid(adcbf3d3582f92c4bbeb93bb63601725) Importer(815301076,1909f56bfc062723c751e8b465ee728b)  -> (artifact id: '48bf95a46210f60604cbb95deff54fcc') in 0.019048 seconds
Number of updated asset objects reloaded before import = 0
Number of asset objects unloaded after import = 9
========================================================================
Received Import Request.
  Time since last request: 16.786351 seconds.
  path: Assets/Prefabs/Mushroom.prefab
  artifactKey: Guid(8811713a70e428846a360081a22f1b57) Importer(815301076,1909f56bfc062723c751e8b465ee728b)
Start importing Assets/Prefabs/Mushroom.prefab using Guid(8811713a70e428846a360081a22f1b57) Importer(815301076,1909f56bfc062723c751e8b465ee728b)  -> (artifact id: '6e80ff527e31288aa7c6a45a186e07b6') in 0.018317 seconds
Number of updated asset objects reloaded before import = 0
Number of asset objects unloaded after import = 10
========================================================================
Received Import Request.
  Time since last request: 75.049642 seconds.
  path: Assets/Prefabs/Mushroom.prefab
  artifactKey: Guid(8811713a70e428846a360081a22f1b57) Importer(815301076,1909f56bfc062723c751e8b465ee728b)
Start importing Assets/Prefabs/Mushroom.prefab using Guid(8811713a70e428846a360081a22f1b57) Importer(815301076,1909f56bfc062723c751e8b465ee728b)  -> (artifact id: '1c7ce63a19b6b7343082d35ebcd71ccf') in 0.009902 seconds
Number of updated asset objects reloaded before import = 0
Number of asset objects unloaded after import = 10
========================================================================
Received Import Request.
  Time since last request: 2.349607 seconds.
  path: Assets/Prefabs/Mushroom.prefab
  artifactKey: Guid(8811713a70e428846a360081a22f1b57) Importer(815301076,1909f56bfc062723c751e8b465ee728b)
Start importing Assets/Prefabs/Mushroom.prefab using Guid(8811713a70e428846a360081a22f1b57) Importer(815301076,1909f56bfc062723c751e8b465ee728b)  -> (artifact id: '2d9aed404ead5040d7a89a53cc29faf0') in 0.009322 seconds
Number of updated asset objects reloaded before import = 0
Number of asset objects unloaded after import = 10
========================================================================
Received Import Request.
  Time since last request: 24.686059 seconds.
  path: Assets/Prefabs/Mosquito.prefab
  artifactKey: Guid(adcbf3d3582f92c4bbeb93bb63601725) Importer(815301076,1909f56bfc062723c751e8b465ee728b)
Start importing Assets/Prefabs/Mosquito.prefab using Guid(adcbf3d3582f92c4bbeb93bb63601725) Importer(815301076,1909f56bfc062723c751e8b465ee728b)  -> (artifact id: '156f37d14e373e6aa68291cfb3ba159a') in 0.009387 seconds
Number of updated asset objects reloaded before import = 0
Number of asset objects unloaded after import = 9
========================================================================
Received Import Request.
  Time since last request: 3.508007 seconds.
  path: Assets/Prefabs/Mosquito.prefab
  artifactKey: Guid(adcbf3d3582f92c4bbeb93bb63601725) Importer(815301076,1909f56bfc062723c751e8b465ee728b)
Start importing Assets/Prefabs/Mosquito.prefab using Guid(adcbf3d3582f92c4bbeb93bb63601725) Importer(815301076,1909f56bfc062723c751e8b465ee728b)  -> (artifact id: 'f19e12e846432d061eae7de8ebd349b9') in 0.011260 seconds
Number of updated asset objects reloaded before import = 0
Number of asset objects unloaded after import = 9
========================================================================
Received Prepare
Begin MonoManager ReloadAssembly
- Loaded All Assemblies, in  0.406 seconds
Refreshing native plugins compatible for Editor in 0.00 ms, found 0 plugins.
Native extension for UWP target not found
Native extension for WindowsStandalone target not found
Native extension for Android target not found
Mono: successfully reloaded assembly
- Finished resetting the current domain, in  0.621 seconds
Domain Reload Profiling: 1027ms
	BeginReloadAssembly (246ms)
		ExecutionOrderSort (0ms)
		DisableScriptedObjects (9ms)
		BackupInstance (0ms)
		ReleaseScriptingObjects (0ms)
		CreateAndSetChildDomain (35ms)
	RebuildCommonClasses (73ms)
	RebuildNativeTypeToScriptingClass (27ms)
	initialDomainReloadingComplete (43ms)
	LoadAllAssembliesAndSetupDomain (15ms)
		LoadAssemblies (166ms)
		RebuildTransferFunctionScriptingTraits (0ms)
		AnalyzeDomain (8ms)
			TypeCache.Refresh (6ms)
				TypeCache.ScanAssembly (0ms)
			ScanForSourceGeneratedMonoScriptInfo (0ms)
			ResolveRequiredComponents (1ms)
	FinalizeReload (622ms)
		ReleaseScriptCaches (0ms)
		RebuildScriptCaches (0ms)
		SetupLoadedEditorAssemblies (370ms)
			LogAssemblyErrors (0ms)
			InitializePlatformSupportModulesInManaged (38ms)
			SetLoadedEditorAssemblies (9ms)
			RefreshPlugins (0ms)
			BeforeProcessingInitializeOnLoad (42ms)
			ProcessInitializeOnLoadAttributes (237ms)
			ProcessInitializeOnLoadMethodAttributes (36ms)
			AfterProcessingInitializeOnLoad (7ms)
			EditorAssembliesLoaded (0ms)
		ExecutionOrderSort2 (0ms)
		AwakeInstancesAfterBackupRestoration (10ms)
Refreshing native plugins compatible for Editor in 0.00 ms, found 0 plugins.
Preloading 0 native plugins for Editor in 0.00 ms.
Unloading 1 Unused Serialized files (Serialized files now loaded: 0)
Unloading 1 unused Assets / (3.1 KB). Loaded Objects now: 492.
Memory consumption went from 58.2 MB to 58.2 MB.
Total: 3.527700 ms (FindLiveObjects: 0.055700 ms CreateObjectMapping: 0.007700 ms MarkObjects: 3.444500 ms  DeleteObjects: 0.018600 ms)

Prepare: number of updated asset objects reloaded= 0
AssetImportParameters requested are different than current active one (requested -> active):
  custom:video-decoder-ogg-theora: a1e56fd34408186e4bbccfd4996cb3dc -> 
  custom:container-muxer-webm: aa71ff27fc2769a1b78a27578f13a17b -> 
  custom:container-demuxer-webm: 4f35f7cbe854078d1ac9338744f61a02 -> 
  custom:video-encoder-webm-vp8: eb34c28f22e8b96e1ab97ce403110664 -> 
  custom:CustomObjectIndexerAttribute: 43b350a4d6e6d1791af0b5038c4bea17 -> 
  custom:audio-encoder-webm-vorbis: bf7c407c2cedff20999df2af8eb42d56 -> 
  custom:framework-win-MediaFoundation: 216162199b28c13a410421893ffa2e32 -> 
  custom:SearchIndexIgnoredProperties: e643bd26f0fe6173181afceb89e7c659 -> 
  custom:container-demuxer-ogg: 62fdf1f143b41e24485cea50d1cbac27 -> 
  custom:video-decoder-webm-vp8: 9c59270c3fd7afecdb556c50c9e8de78 -> 
  custom:audio-decoder-ogg-vorbis: bf7c407c2cedff20999df2af8eb42d56 -> 
  custom:AudioImporter_EditorPlatform: d09bf68614088b80899f8185d706f6e7 -> 
========================================================================
Received Import Request.
  Time since last request: 141.230215 seconds.
  path: Assets/Scenes
  artifactKey: Guid(542fa6d3d99f0094ebc7ff7090e0ba96) Importer(815301076,1909f56bfc062723c751e8b465ee728b)
Start importing Assets/Scenes using Guid(542fa6d3d99f0094ebc7ff7090e0ba96) Importer(815301076,1909f56bfc062723c751e8b465ee728b)  -> (artifact id: '158a12dba8e5d6b0945f84b45ae13d8b') in 0.002712 seconds
Number of updated asset objects reloaded before import = 0
Number of asset objects unloaded after import = 0
========================================================================
Received Prepare
Begin MonoManager ReloadAssembly
- Loaded All Assemblies, in  0.416 seconds
Refreshing native plugins compatible for Editor in 0.00 ms, found 0 plugins.
Native extension for UWP target not found
Native extension for WindowsStandalone target not found
Native extension for Android target not found
Mono: successfully reloaded assembly
- Finished resetting the current domain, in  0.657 seconds
Domain Reload Profiling: 1072ms
	BeginReloadAssembly (261ms)
		ExecutionOrderSort (0ms)
		DisableScriptedObjects (13ms)
		BackupInstance (0ms)
		ReleaseScriptingObjects (0ms)
		CreateAndSetChildDomain (33ms)
	RebuildCommonClasses (77ms)
	RebuildNativeTypeToScriptingClass (24ms)
	initialDomainReloadingComplete (36ms)
	LoadAllAssembliesAndSetupDomain (18ms)
		LoadAssemblies (177ms)
		RebuildTransferFunctionScriptingTraits (0ms)
		AnalyzeDomain (12ms)
			TypeCache.Refresh (9ms)
				TypeCache.ScanAssembly (0ms)
			ScanForSourceGeneratedMonoScriptInfo (1ms)
			ResolveRequiredComponents (1ms)
	FinalizeReload (657ms)
		ReleaseScriptCaches (0ms)
		RebuildScriptCaches (0ms)
		SetupLoadedEditorAssemblies (391ms)
			LogAssemblyErrors (0ms)
			InitializePlatformSupportModulesInManaged (43ms)
			SetLoadedEditorAssemblies (11ms)
			RefreshPlugins (0ms)
			BeforeProcessingInitializeOnLoad (42ms)
			ProcessInitializeOnLoadAttributes (255ms)
			ProcessInitializeOnLoadMethodAttributes (34ms)
			AfterProcessingInitializeOnLoad (7ms)
			EditorAssembliesLoaded (0ms)
		ExecutionOrderSort2 (0ms)
		AwakeInstancesAfterBackupRestoration (11ms)
Refreshing native plugins compatible for Editor in 0.00 ms, found 0 plugins.
Preloading 0 native plugins for Editor in 0.00 ms.
Unloading 1 Unused Serialized files (Serialized files now loaded: 0)
Unloading 1 unused Assets / (3.1 KB). Loaded Objects now: 492.
Memory consumption went from 60.1 MB to 60.1 MB.
Total: 3.428000 ms (FindLiveObjects: 0.053100 ms CreateObjectMapping: 0.007000 ms MarkObjects: 3.348300 ms  DeleteObjects: 0.018500 ms)

Prepare: number of updated asset objects reloaded= 0
AssetImportParameters requested are different than current active one (requested -> active):
  custom:video-decoder-ogg-theora: a1e56fd34408186e4bbccfd4996cb3dc -> 
  custom:container-muxer-webm: aa71ff27fc2769a1b78a27578f13a17b -> 
  custom:container-demuxer-webm: 4f35f7cbe854078d1ac9338744f61a02 -> 
  custom:video-encoder-webm-vp8: eb34c28f22e8b96e1ab97ce403110664 -> 
  custom:CustomObjectIndexerAttribute: 43b350a4d6e6d1791af0b5038c4bea17 -> 
  custom:audio-encoder-webm-vorbis: bf7c407c2cedff20999df2af8eb42d56 -> 
  custom:framework-win-MediaFoundation: 216162199b28c13a410421893ffa2e32 -> 
  custom:SearchIndexIgnoredProperties: e643bd26f0fe6173181afceb89e7c659 -> 
  custom:container-demuxer-ogg: 62fdf1f143b41e24485cea50d1cbac27 -> 
  custom:video-decoder-webm-vp8: 9c59270c3fd7afecdb556c50c9e8de78 -> 
  custom:audio-decoder-ogg-vorbis: bf7c407c2cedff20999df2af8eb42d56 -> 
  custom:AudioImporter_EditorPlatform: d09bf68614088b80899f8185d706f6e7 -> 
========================================================================
Received Import Request.
  Time since last request: 387.733256 seconds.
  path: Assets/Scripts/EnemyMovement.cs
  artifactKey: Guid(8587223c2a12ed04284869f7f739664f) Importer(815301076,1909f56bfc062723c751e8b465ee728b)
Start importing Assets/Scripts/EnemyMovement.cs using Guid(8587223c2a12ed04284869f7f739664f) Importer(815301076,1909f56bfc062723c751e8b465ee728b)  -> (artifact id: 'dc6531337f2c5916bf2c669d2a0c8cfd') in 0.003129 seconds
Number of updated asset objects reloaded before import = 0
Number of asset objects unloaded after import = 0
========================================================================
Received Prepare
Begin MonoManager ReloadAssembly
- Loaded All Assemblies, in  0.397 seconds
Refreshing native plugins compatible for Editor in 0.00 ms, found 0 plugins.
Native extension for UWP target not found
Native extension for WindowsStandalone target not found
Native extension for Android target not found
Mono: successfully reloaded assembly
- Finished resetting the current domain, in  0.660 seconds
Domain Reload Profiling: 1056ms
	BeginReloadAssembly (249ms)
		ExecutionOrderSort (0ms)
		DisableScriptedObjects (11ms)
		BackupInstance (0ms)
		ReleaseScriptingObjects (0ms)
		CreateAndSetChildDomain (31ms)
	RebuildCommonClasses (70ms)
	RebuildNativeTypeToScriptingClass (24ms)
	initialDomainReloadingComplete (38ms)
	LoadAllAssembliesAndSetupDomain (16ms)
		LoadAssemblies (173ms)
		RebuildTransferFunctionScriptingTraits (0ms)
		AnalyzeDomain (9ms)
			TypeCache.Refresh (6ms)
				TypeCache.ScanAssembly (0ms)
			ScanForSourceGeneratedMonoScriptInfo (0ms)
			ResolveRequiredComponents (1ms)
	FinalizeReload (660ms)
		ReleaseScriptCaches (0ms)
		RebuildScriptCaches (0ms)
		SetupLoadedEditorAssemblies (394ms)
			LogAssemblyErrors (0ms)
			InitializePlatformSupportModulesInManaged (43ms)
			SetLoadedEditorAssemblies (10ms)
			RefreshPlugins (0ms)
			BeforeProcessingInitializeOnLoad (39ms)
			ProcessInitializeOnLoadAttributes (259ms)
			ProcessInitializeOnLoadMethodAttributes (37ms)
			AfterProcessingInitializeOnLoad (6ms)
			EditorAssembliesLoaded (0ms)
		ExecutionOrderSort2 (0ms)
		AwakeInstancesAfterBackupRestoration (11ms)
Refreshing native plugins compatible for Editor in 0.00 ms, found 0 plugins.
Preloading 0 native plugins for Editor in 0.00 ms.
Unloading 1 Unused Serialized files (Serialized files now loaded: 0)
Unloading 1 unused Assets / (3.1 KB). Loaded Objects now: 492.
Memory consumption went from 62.1 MB to 62.1 MB.
Total: 3.426700 ms (FindLiveObjects: 0.051900 ms CreateObjectMapping: 0.007300 ms MarkObjects: 3.345900 ms  DeleteObjects: 0.020200 ms)

Prepare: number of updated asset objects reloaded= 0
AssetImportParameters requested are different than current active one (requested -> active):
  custom:video-decoder-ogg-theora: a1e56fd34408186e4bbccfd4996cb3dc -> 
  custom:container-muxer-webm: aa71ff27fc2769a1b78a27578f13a17b -> 
  custom:container-demuxer-webm: 4f35f7cbe854078d1ac9338744f61a02 -> 
  custom:video-encoder-webm-vp8: eb34c28f22e8b96e1ab97ce403110664 -> 
  custom:CustomObjectIndexerAttribute: 43b350a4d6e6d1791af0b5038c4bea17 -> 
  custom:audio-encoder-webm-vorbis: bf7c407c2cedff20999df2af8eb42d56 -> 
  custom:framework-win-MediaFoundation: 216162199b28c13a410421893ffa2e32 -> 
  custom:SearchIndexIgnoredProperties: e643bd26f0fe6173181afceb89e7c659 -> 
  custom:container-demuxer-ogg: 62fdf1f143b41e24485cea50d1cbac27 -> 
  custom:video-decoder-webm-vp8: 9c59270c3fd7afecdb556c50c9e8de78 -> 
  custom:audio-decoder-ogg-vorbis: bf7c407c2cedff20999df2af8eb42d56 -> 
  custom:AudioImporter_EditorPlatform: d09bf68614088b80899f8185d706f6e7 -> 
